<?xml version="1.0" encoding="UTF-8"?>
<testsuite name="helloworld.AppTest" tests="1" skipped="0" failures="0" errors="0" timestamp="2024-10-25T14:58:52" hostname="Mac-mini.local" time="0.447">
  <properties/>
  <testcase name="successfulResponse" classname="helloworld.AppTest" time="0.447"/>
  <system-out><![CDATA[]]></system-out>
  <system-err><![CDATA[]]></system-err>
</testsuite>
